<?xml version="1.0" encoding="UTF-8"?>
<robot generator="Robot 6.1.1 (Python 3.10.12 on linux)" generated="20231115 19:38:21.855" rpa="false" schemaversion="4">
<suite id="s1" name="Tests" source="/home/kaarinav/ohtu-palautusrepositorio/viikko3/login-robot/src/tests">
<suite id="s1-s1" name="Login" source="/home/kaarinav/ohtu-palautusrepositorio/viikko3/login-robot/src/tests/login.robot">
<test id="s1-s1-t1" name="Login With Correct Credentials" line="6">
<kw name="Create User And Input Login Command" type="SETUP">
<kw name="Create User" library="AppLibrary">
<arg>kalle</arg>
<arg>kalle123</arg>
<status status="PASS" starttime="20231115 19:38:21.875" endtime="20231115 19:38:21.875"/>
</kw>
<kw name="Input Login Command" library="resource">
<kw name="Input" library="AppLibrary">
<arg>login</arg>
<status status="PASS" starttime="20231115 19:38:21.875" endtime="20231115 19:38:21.875"/>
</kw>
<status status="PASS" starttime="20231115 19:38:21.875" endtime="20231115 19:38:21.875"/>
</kw>
<status status="PASS" starttime="20231115 19:38:21.874" endtime="20231115 19:38:21.875"/>
</kw>
<kw name="Input Credentials" library="resource">
<arg>kalle</arg>
<arg>kalle123</arg>
<kw name="Input" library="AppLibrary">
<arg>${username}</arg>
<status status="PASS" starttime="20231115 19:38:21.875" endtime="20231115 19:38:21.876"/>
</kw>
<kw name="Input" library="AppLibrary">
<arg>${password}</arg>
<status status="PASS" starttime="20231115 19:38:21.876" endtime="20231115 19:38:21.876"/>
</kw>
<kw name="Run Application" library="AppLibrary">
<status status="PASS" starttime="20231115 19:38:21.876" endtime="20231115 19:38:21.876"/>
</kw>
<status status="PASS" starttime="20231115 19:38:21.875" endtime="20231115 19:38:21.876"/>
</kw>
<kw name="Output Should Contain" library="AppLibrary">
<arg>Logged in</arg>
<status status="PASS" starttime="20231115 19:38:21.876" endtime="20231115 19:38:21.876"/>
</kw>
<status status="PASS" starttime="20231115 19:38:21.874" endtime="20231115 19:38:21.876"/>
</test>
<test id="s1-s1-t2" name="Login With Incorrect Password" line="10">
<kw name="Create User And Input Login Command" type="SETUP">
<kw name="Create User" library="AppLibrary">
<arg>kalle</arg>
<arg>kalle123</arg>
<status status="PASS" starttime="20231115 19:38:21.877" endtime="20231115 19:38:21.877"/>
</kw>
<kw name="Input Login Command" library="resource">
<kw name="Input" library="AppLibrary">
<arg>login</arg>
<status status="PASS" starttime="20231115 19:38:21.877" endtime="20231115 19:38:21.877"/>
</kw>
<status status="PASS" starttime="20231115 19:38:21.877" endtime="20231115 19:38:21.877"/>
</kw>
<status status="PASS" starttime="20231115 19:38:21.877" endtime="20231115 19:38:21.877"/>
</kw>
<kw name="Input Credentials" library="resource">
<arg>kalle</arg>
<arg>kalle1234</arg>
<kw name="Input" library="AppLibrary">
<arg>${username}</arg>
<status status="PASS" starttime="20231115 19:38:21.878" endtime="20231115 19:38:21.878"/>
</kw>
<kw name="Input" library="AppLibrary">
<arg>${password}</arg>
<status status="PASS" starttime="20231115 19:38:21.878" endtime="20231115 19:38:21.878"/>
</kw>
<kw name="Run Application" library="AppLibrary">
<status status="PASS" starttime="20231115 19:38:21.878" endtime="20231115 19:38:21.878"/>
</kw>
<status status="PASS" starttime="20231115 19:38:21.877" endtime="20231115 19:38:21.878"/>
</kw>
<kw name="Output Should Contain" library="AppLibrary">
<arg>Invalid username or password</arg>
<status status="PASS" starttime="20231115 19:38:21.878" endtime="20231115 19:38:21.878"/>
</kw>
<status status="PASS" starttime="20231115 19:38:21.877" endtime="20231115 19:38:21.878"/>
</test>
<test id="s1-s1-t3" name="Login With Nonexistent Username" line="14">
<kw name="Create User And Input Login Command" type="SETUP">
<kw name="Create User" library="AppLibrary">
<arg>kalle</arg>
<arg>kalle123</arg>
<status status="PASS" starttime="20231115 19:38:21.879" endtime="20231115 19:38:21.879"/>
</kw>
<kw name="Input Login Command" library="resource">
<kw name="Input" library="AppLibrary">
<arg>login</arg>
<status status="PASS" starttime="20231115 19:38:21.879" endtime="20231115 19:38:21.879"/>
</kw>
<status status="PASS" starttime="20231115 19:38:21.879" endtime="20231115 19:38:21.879"/>
</kw>
<status status="PASS" starttime="20231115 19:38:21.879" endtime="20231115 19:38:21.879"/>
</kw>
<kw name="Input Credentials" library="resource">
<arg>kalle2</arg>
<arg>kalle123</arg>
<kw name="Input" library="AppLibrary">
<arg>${username}</arg>
<status status="PASS" starttime="20231115 19:38:21.880" endtime="20231115 19:38:21.880"/>
</kw>
<kw name="Input" library="AppLibrary">
<arg>${password}</arg>
<status status="PASS" starttime="20231115 19:38:21.880" endtime="20231115 19:38:21.880"/>
</kw>
<kw name="Run Application" library="AppLibrary">
<status status="PASS" starttime="20231115 19:38:21.880" endtime="20231115 19:38:21.880"/>
</kw>
<status status="PASS" starttime="20231115 19:38:21.879" endtime="20231115 19:38:21.880"/>
</kw>
<kw name="Output Should Contain" library="AppLibrary">
<arg>Invalid username or password</arg>
<status status="PASS" starttime="20231115 19:38:21.880" endtime="20231115 19:38:21.880"/>
</kw>
<status status="PASS" starttime="20231115 19:38:21.878" endtime="20231115 19:38:21.880"/>
</test>
<status status="PASS" starttime="20231115 19:38:21.870" endtime="20231115 19:38:21.880"/>
</suite>
<suite id="s1-s2" name="Register" source="/home/kaarinav/ohtu-palautusrepositorio/viikko3/login-robot/src/tests/register.robot">
<test id="s1-s2-t1" name="Register With Valid Username And Password" line="2">
<status status="FAIL" starttime="20231115 19:38:21.882" endtime="20231115 19:38:21.882">Test cannot be empty.</status>
</test>
<test id="s1-s2-t2" name="Register With Already Taken Username And Valid Password" line="5">
<status status="FAIL" starttime="20231115 19:38:21.882" endtime="20231115 19:38:21.883">Test cannot be empty.</status>
</test>
<test id="s1-s2-t3" name="Register With Too Short Username And Valid Password" line="8">
<status status="FAIL" starttime="20231115 19:38:21.883" endtime="20231115 19:38:21.883">Test cannot be empty.</status>
</test>
<test id="s1-s2-t4" name="Register With Enough Long But Invalid Username And Valid Password" line="11">
<status status="FAIL" starttime="20231115 19:38:21.883" endtime="20231115 19:38:21.884">Test cannot be empty.</status>
</test>
<test id="s1-s2-t5" name="Register With Valid Username And Too Short Password" line="14">
<status status="FAIL" starttime="20231115 19:38:21.884" endtime="20231115 19:38:21.884">Test cannot be empty.</status>
</test>
<test id="s1-s2-t6" name="Register With Valid Username And Long Enough Password Containing Only Letters" line="17">
<status status="FAIL" starttime="20231115 19:38:21.884" endtime="20231115 19:38:21.884">Test cannot be empty.</status>
</test>
<status status="FAIL" starttime="20231115 19:38:21.881" endtime="20231115 19:38:21.885"/>
</suite>
<status status="FAIL" starttime="20231115 19:38:21.856" endtime="20231115 19:38:21.885"/>
</suite>
<statistics>
<total>
<stat pass="3" fail="6" skip="0">All Tests</stat>
</total>
<tag>
</tag>
<suite>
<stat pass="3" fail="6" skip="0" id="s1" name="Tests">Tests</stat>
<stat pass="3" fail="0" skip="0" id="s1-s1" name="Login">Tests.Login</stat>
<stat pass="0" fail="6" skip="0" id="s1-s2" name="Register">Tests.Register</stat>
</suite>
</statistics>
<errors>
</errors>
</robot>
